2017-09-07 22:48:59 (INFO):	Setting up Gekko in realtime mode
2017-09-07 22:48:59 (INFO):	
2017-09-07 22:48:59 (INFO):	Setting up:
2017-09-07 22:48:59 (INFO):		 Candle writer
2017-09-07 22:48:59 (INFO):		 Store candles in a database
2017-09-07 22:49:00 (INFO):	

2017-09-07 22:49:00 (DEBUG):	Init New Bittrex Trader { currency: 'USDT', asset: 'BTC' }
2017-09-07 22:49:00 (INFO):	Starting to watch the market: bittrex BTC/USDT
2017-09-07 22:49:00 (DEBUG):	scheduling ticks
2017-09-07 22:49:00 (DEBUG):	Requested BTC/USDT trade data from bittrex ...
2017-09-07 22:49:00 (DEBUG):	getTrades called! { descending: false }
2017-09-07 22:49:01 (DEBUG):	Processing 200 new trades. From 2017-09-08 02:26:47 UTC to 2017-09-08 02:48:23 UTC. (22 minutes)
2017-09-07 22:49:20 (DEBUG):	Requested BTC/USDT trade data from bittrex ...
2017-09-07 22:49:20 (DEBUG):	getTrades called! { descending: false }
2017-09-07 22:49:20 (DEBUG):	Processing 2 new trades. From 2017-09-08 02:48:39 UTC to 2017-09-08 02:48:55 UTC. (a few seconds)
2017-09-07 22:49:40 (DEBUG):	Requested BTC/USDT trade data from bittrex ...
2017-09-07 22:49:40 (DEBUG):	getTrades called! { descending: false }
2017-09-07 22:49:40 (DEBUG):	Processing 2 new trades. From 2017-09-08 02:49:20 UTC to 2017-09-08 02:49:28 UTC. (a few seconds)
2017-09-07 22:50:00 (DEBUG):	Requested BTC/USDT trade data from bittrex ...
2017-09-07 22:50:00 (DEBUG):	getTrades called! { descending: false }
2017-09-07 22:50:01 (DEBUG):	No new trades.
2017-09-07 22:50:20 (DEBUG):	Requested BTC/USDT trade data from bittrex ...
2017-09-07 22:50:20 (DEBUG):	getTrades called! { descending: false }
2017-09-07 22:50:20 (DEBUG):	Processing 10 new trades. From 2017-09-08 02:49:30 UTC to 2017-09-08 02:49:46 UTC. (a few seconds)
2017-09-07 22:50:40 (DEBUG):	Requested BTC/USDT trade data from bittrex ...
2017-09-07 22:50:40 (DEBUG):	getTrades called! { descending: false }
2017-09-07 22:50:41 (DEBUG):	Processing 9 new trades. From 2017-09-08 02:50:01 UTC to 2017-09-08 02:50:17 UTC. (a few seconds)
2017-09-07 22:51:00 (DEBUG):	Requested BTC/USDT trade data from bittrex ...
2017-09-07 22:51:00 (DEBUG):	getTrades called! { descending: false }
2017-09-07 22:51:01 (DEBUG):	Processing 14 new trades. From 2017-09-08 02:50:22 UTC to 2017-09-08 02:50:43 UTC. (a few seconds)
2017-09-07 22:51:20 (DEBUG):	Requested BTC/USDT trade data from bittrex ...
2017-09-07 22:51:20 (DEBUG):	getTrades called! { descending: false }
2017-09-07 22:51:20 (DEBUG):	Processing 12 new trades. From 2017-09-08 02:50:45 UTC to 2017-09-08 02:51:00 UTC. (a few seconds)
2017-09-07 22:51:40 (DEBUG):	Requested BTC/USDT trade data from bittrex ...
2017-09-07 22:51:40 (DEBUG):	getTrades called! { descending: false }
2017-09-07 22:51:40 (DEBUG):	Processing 8 new trades. From 2017-09-08 02:51:05 UTC to 2017-09-08 02:51:25 UTC. (a few seconds)
2017-09-07 22:52:00 (DEBUG):	Requested BTC/USDT trade data from bittrex ...
2017-09-07 22:52:00 (DEBUG):	getTrades called! { descending: false }
2017-09-07 22:52:00 (DEBUG):	No new trades.
2017-09-07 22:52:20 (DEBUG):	Requested BTC/USDT trade data from bittrex ...
2017-09-07 22:52:20 (DEBUG):	getTrades called! { descending: false }
2017-09-07 22:52:20 (DEBUG):	Processing 5 new trades. From 2017-09-08 02:51:33 UTC to 2017-09-08 02:51:41 UTC. (a few seconds)
2017-09-07 22:52:40 (DEBUG):	Requested BTC/USDT trade data from bittrex ...
2017-09-07 22:52:40 (DEBUG):	getTrades called! { descending: false }
2017-09-07 22:52:40 (DEBUG):	No new trades.
2017-09-07 22:53:00 (DEBUG):	Requested BTC/USDT trade data from bittrex ...
2017-09-07 22:53:00 (DEBUG):	getTrades called! { descending: false }
2017-09-07 22:53:00 (DEBUG):	No new trades.
2017-09-07 22:53:20 (DEBUG):	Requested BTC/USDT trade data from bittrex ...
2017-09-07 22:53:20 (DEBUG):	getTrades called! { descending: false }
2017-09-07 22:53:20 (DEBUG):	Processing 6 new trades. From 2017-09-08 02:52:38 UTC to 2017-09-08 02:52:44 UTC. (a few seconds)
2017-09-07 22:53:40 (DEBUG):	Requested BTC/USDT trade data from bittrex ...
2017-09-07 22:53:40 (DEBUG):	getTrades called! { descending: false }
2017-09-07 22:53:40 (DEBUG):	No new trades.
2017-09-07 22:54:00 (DEBUG):	Requested BTC/USDT trade data from bittrex ...
2017-09-07 22:54:00 (DEBUG):	getTrades called! { descending: false }
2017-09-07 22:54:01 (DEBUG):	Processing 2 new trades. From 2017-09-08 02:53:28 UTC to 2017-09-08 02:53:29 UTC. (a few seconds)
2017-09-07 22:54:20 (DEBUG):	Requested BTC/USDT trade data from bittrex ...
2017-09-07 22:54:20 (DEBUG):	getTrades called! { descending: false }
2017-09-07 22:54:20 (DEBUG):	Processing 9 new trades. From 2017-09-08 02:53:40 UTC to 2017-09-08 02:53:54 UTC. (a few seconds)
2017-09-07 22:54:40 (DEBUG):	Requested BTC/USDT trade data from bittrex ...
2017-09-07 22:54:40 (DEBUG):	getTrades called! { descending: false }
2017-09-07 22:54:40 (DEBUG):	No new trades.
2017-09-07 22:55:00 (DEBUG):	Requested BTC/USDT trade data from bittrex ...
2017-09-07 22:55:00 (DEBUG):	getTrades called! { descending: false }
2017-09-07 22:55:00 (DEBUG):	Processing 10 new trades. From 2017-09-08 02:54:09 UTC to 2017-09-08 02:54:44 UTC. (a few seconds)
2017-09-07 22:55:20 (DEBUG):	Requested BTC/USDT trade data from bittrex ...
2017-09-07 22:55:20 (DEBUG):	getTrades called! { descending: false }
2017-09-07 22:55:20 (DEBUG):	No new trades.
2017-09-07 22:55:40 (DEBUG):	Requested BTC/USDT trade data from bittrex ...
2017-09-07 22:55:40 (DEBUG):	getTrades called! { descending: false }
2017-09-07 22:55:40 (DEBUG):	Processing 12 new trades. From 2017-09-08 02:54:52 UTC to 2017-09-08 02:55:15 UTC. (a few seconds)
2017-09-07 22:56:00 (DEBUG):	Requested BTC/USDT trade data from bittrex ...
2017-09-07 22:56:00 (DEBUG):	getTrades called! { descending: false }
2017-09-07 22:56:00 (DEBUG):	Processing 8 new trades. From 2017-09-08 02:55:18 UTC to 2017-09-08 02:55:42 UTC. (a few seconds)
2017-09-07 22:56:20 (DEBUG):	Requested BTC/USDT trade data from bittrex ...
2017-09-07 22:56:20 (DEBUG):	getTrades called! { descending: false }
2017-09-07 22:56:20 (DEBUG):	No new trades.
2017-09-07 22:56:40 (DEBUG):	Requested BTC/USDT trade data from bittrex ...
2017-09-07 22:56:40 (DEBUG):	getTrades called! { descending: false }
2017-09-07 22:56:40 (DEBUG):	Processing 2 new trades. From 2017-09-08 02:55:51 UTC to 2017-09-08 02:55:57 UTC. (a few seconds)
2017-09-07 22:57:00 (DEBUG):	Requested BTC/USDT trade data from bittrex ...
2017-09-07 22:57:00 (DEBUG):	getTrades called! { descending: false }
2017-09-07 22:57:00 (DEBUG):	Processing 9 new trades. From 2017-09-08 02:56:08 UTC to 2017-09-08 02:56:36 UTC. (a few seconds)
2017-09-07 22:57:20 (DEBUG):	Requested BTC/USDT trade data from bittrex ...
2017-09-07 22:57:20 (DEBUG):	getTrades called! { descending: false }
2017-09-07 22:57:20 (DEBUG):	No new trades.
2017-09-07 22:57:40 (DEBUG):	Requested BTC/USDT trade data from bittrex ...
2017-09-07 22:57:40 (DEBUG):	getTrades called! { descending: false }
2017-09-07 22:57:40 (DEBUG):	No new trades.
2017-09-07 22:58:00 (DEBUG):	Requested BTC/USDT trade data from bittrex ...
2017-09-07 22:58:00 (DEBUG):	getTrades called! { descending: false }
2017-09-07 22:58:00 (DEBUG):	Processing 2 new trades. From 2017-09-08 02:57:25 UTC to 2017-09-08 02:57:30 UTC. (a few seconds)
2017-09-07 22:58:20 (DEBUG):	Requested BTC/USDT trade data from bittrex ...
2017-09-07 22:58:20 (DEBUG):	getTrades called! { descending: false }
2017-09-07 22:58:20 (DEBUG):	Processing 1 new trades. From 2017-09-08 02:57:56 UTC to 2017-09-08 02:57:56 UTC. (a few seconds)
2017-09-07 22:58:40 (DEBUG):	Requested BTC/USDT trade data from bittrex ...
2017-09-07 22:58:40 (DEBUG):	getTrades called! { descending: false }
2017-09-07 22:58:40 (DEBUG):	Processing 1 new trades. From 2017-09-08 02:58:07 UTC to 2017-09-08 02:58:07 UTC. (a few seconds)
2017-09-07 22:59:00 (DEBUG):	Requested BTC/USDT trade data from bittrex ...
2017-09-07 22:59:00 (DEBUG):	getTrades called! { descending: false }
2017-09-07 22:59:00 (DEBUG):	No new trades.
2017-09-07 22:59:20 (DEBUG):	Requested BTC/USDT trade data from bittrex ...
2017-09-07 22:59:20 (DEBUG):	getTrades called! { descending: false }
2017-09-07 22:59:20 (DEBUG):	No new trades.
2017-09-07 22:59:40 (DEBUG):	Requested BTC/USDT trade data from bittrex ...
2017-09-07 22:59:40 (DEBUG):	getTrades called! { descending: false }
2017-09-07 22:59:40 (DEBUG):	Processing 22 new trades. From 2017-09-08 02:59:09 UTC to 2017-09-08 02:59:18 UTC. (a few seconds)
2017-09-07 23:00:00 (DEBUG):	Requested BTC/USDT trade data from bittrex ...
2017-09-07 23:00:00 (DEBUG):	getTrades called! { descending: false }
2017-09-07 23:00:00 (DEBUG):	Processing 5 new trades. From 2017-09-08 02:59:26 UTC to 2017-09-08 02:59:29 UTC. (a few seconds)
2017-09-07 23:00:20 (DEBUG):	Requested BTC/USDT trade data from bittrex ...
2017-09-07 23:00:20 (DEBUG):	getTrades called! { descending: false }
2017-09-07 23:00:20 (DEBUG):	Processing 8 new trades. From 2017-09-08 02:59:35 UTC to 2017-09-08 02:59:50 UTC. (a few seconds)
2017-09-07 23:00:40 (DEBUG):	Requested BTC/USDT trade data from bittrex ...
2017-09-07 23:00:40 (DEBUG):	getTrades called! { descending: false }
2017-09-07 23:00:40 (DEBUG):	Processing 12 new trades. From 2017-09-08 03:00:06 UTC to 2017-09-08 03:00:29 UTC. (a few seconds)
2017-09-07 23:01:00 (DEBUG):	Requested BTC/USDT trade data from bittrex ...
2017-09-07 23:01:00 (DEBUG):	getTrades called! { descending: false }
2017-09-07 23:01:00 (DEBUG):	No new trades.
2017-09-07 23:01:20 (DEBUG):	Requested BTC/USDT trade data from bittrex ...
2017-09-07 23:01:20 (DEBUG):	getTrades called! { descending: false }
2017-09-07 23:01:20 (DEBUG):	Processing 9 new trades. From 2017-09-08 03:00:57 UTC to 2017-09-08 03:01:03 UTC. (a few seconds)
2017-09-07 23:01:40 (DEBUG):	Requested BTC/USDT trade data from bittrex ...
2017-09-07 23:01:40 (DEBUG):	getTrades called! { descending: false }
2017-09-07 23:01:40 (DEBUG):	No new trades.
2017-09-07 23:02:00 (DEBUG):	Requested BTC/USDT trade data from bittrex ...
2017-09-07 23:02:00 (DEBUG):	getTrades called! { descending: false }
2017-09-07 23:02:00 (DEBUG):	Processing 7 new trades. From 2017-09-08 03:01:23 UTC to 2017-09-08 03:01:48 UTC. (a few seconds)
2017-09-07 23:02:20 (DEBUG):	Requested BTC/USDT trade data from bittrex ...
2017-09-07 23:02:20 (DEBUG):	getTrades called! { descending: false }
2017-09-07 23:02:20 (DEBUG):	No new trades.
